<?xml version="1.0" encoding="UTF-8"?>
<!-- Generated by org.testng.reporters.JUnitXMLReporter -->
<testsuite ignored="0" hostname="Shreyu" failures="1" tests="1" name="Default test" time="19.368" errors="0" timestamp="2025-07-21T16:39:05 CEST">
  <testcase classname="io.cucumber.testng.AbstractTestNGCucumberTests" name="runScenario" time="19.249">
    <failure type="java.lang.IllegalArgumentException" message="Tab not presnt: report">
      <![CDATA[java.lang.IllegalArgumentException: Tab not presnt: report
at com.bdd.stepdefinitions.CommonSteps.i_should_navigate_to_page(CommonSteps.java:71)
at ✽.I should navigate to "report" page(file:///C:/Users/Shreyasu/Pooja/WebAutomation/RosemountTankMasterAT/src/test/resources/features/OverViewPageFunctionalities.feature:23)
]]>
    </failure>
  </testcase> <!-- runScenario -->
</testsuite> <!-- Default test -->
