<?xml version="1.0" encoding="UTF-8"?>
<!-- Generated by org.testng.reporters.JUnitXMLReporter -->
<testsuite ignored="0" hostname="Shreyu" failures="1" tests="1" name="Default test" time="1.48" errors="0" timestamp="2025-07-22T09:01:26 CEST">
  <testcase classname="io.cucumber.testng.AbstractTestNGCucumberTests" name="runScenario" time="1.409">
    <failure type="io.cucumber.testng.UndefinedStepException" message="The step &amp;apos;the TankMaster API endpoint is &amp;quot;https://tankmastermobiledemo.rosemount.com/overview/all%20tanks&amp;quot;&amp;apos; and 2 other step(s) are undefined.
You can implement these steps using the snippet(s) below:

@Given(&amp;quot;the TankMaster API endpoint is {string}&amp;quot;)
public void the_tank_master_api_endpoint_is(String string) {
    // Write code here that turns the phrase above into concrete actions
    throw new io.cucumber.java.PendingException();
}
@When(&amp;quot;I send a GET request to the TankMaster API&amp;quot;)
public void i_send_a_get_request_to_the_tank_master_api() {
    // Write code here that turns the phrase above into concrete actions
    throw new io.cucumber.java.PendingException();
}
@Then(&amp;quot;the response status code should be {int}&amp;quot;)
public void the_response_status_code_should_be(Integer int1) {
    // Write code here that turns the phrase above into concrete actions
    throw new io.cucumber.java.PendingException();
}
">
      <![CDATA[io.cucumber.testng.UndefinedStepException: The step 'the TankMaster API endpoint is "https://tankmastermobiledemo.rosemount.com/overview/all%20tanks"' and 2 other step(s) are undefined.
You can implement these steps using the snippet(s) below:

@Given("the TankMaster API endpoint is {string}")
public void the_tank_master_api_endpoint_is(String string) {
    // Write code here that turns the phrase above into concrete actions
    throw new io.cucumber.java.PendingException();
}
@When("I send a GET request to the TankMaster API")
public void i_send_a_get_request_to_the_tank_master_api() {
    // Write code here that turns the phrase above into concrete actions
    throw new io.cucumber.java.PendingException();
}
@Then("the response status code should be {int}")
public void the_response_status_code_should_be(Integer int1) {
    // Write code here that turns the phrase above into concrete actions
    throw new io.cucumber.java.PendingException();
}

at ✽.the TankMaster API endpoint is "https://tankmastermobiledemo.rosemount.com/overview/all%20tanks"(file:///C:/Users/Shreyasu/Pooja/WebAutomation/RosemountTankMasterAT/src/test/resources/features/APITests.feature:5)
]]>
    </failure>
  </testcase> <!-- runScenario -->
</testsuite> <!-- Default test -->
