<?xml version="1.0" encoding="UTF-8"?>
<testsuite xmlns:xsi="http://www.w3.org/2001/XMLSchema-instance" xsi:noNamespaceSchemaLocation="https://maven.apache.org/surefire/maven-surefire-plugin/xsd/surefire-test-report-3.0.xsd" version="3.0" name="com.bdd.runner.TestRunner" time="118.957" tests="9" errors="0" skipped="0" failures="0">
  <properties>
[...]
</properties>
  <testcase name="runScenario[&quot;Verify the response of TankMaster API&quot;, &quot;Verify the response of Rosemount TankMaster Demo WebApplication&quot;](1)" classname="com.bdd.runner.TestRunner" time="3.136">
    <system-out><![CDATA[=== Starting test suite ===
=== Starting test suite ===

@apitests
Scenario: Verify the response of TankMaster API                                        # file:///C:/Users/Shreyasu/Pooja/WebAutomation/RosemountTankMasterAT/src/test/resources/features/APITests.feature:4
Starting scenario: Verify the response of TankMaster API
  ✔ Given the TankMaster API endpoint is "https://tankmastermobiledemo.rosemount.com/" # com.bdd.stepdefinitions.APITestsSteps.the_tank_master_api_endpoint_is(java.lang.String)

        Embedding Verify the response of TankMaster API-4 [image/png 8352 bytes]

  ✔ When I send a GET request to the TankMaster API                                    # com.bdd.stepdefinitions.APITestsSteps.i_send_a_get_request_to_the_tank_master_api()

        Embedding Verify the response of TankMaster API-4 [image/png 8352 bytes]

  ✔ Then the response status code should be 403                                        # com.bdd.stepdefinitions.APITestsSteps.the_response_status_code_should_be(java.lang.Integer)

        Embedding Verify the response of TankMaster API-4 [image/png 8352 bytes]

Finished scenario: Verify the response of TankMaster API - Status: PASSED
]]></system-out>
    <system-err><![CDATA[SLF4J(W): No SLF4J providers were found.
SLF4J(W): Defaulting to no-operation (NOP) logger implementation
SLF4J(W): See https://www.slf4j.org/codes.html#noProviders for further details.
]]></system-err>
  </testcase>
  <testcase name="runScenario[&quot;Verify OverviewPage Tab contains all sections&quot;, &quot;Verify functionalities in OverviewPage&quot;](2)" classname="com.bdd.runner.TestRunner" time="18.271">
    <system-out><![CDATA[
@overviewpagetest @testcase1
Scenario: Verify OverviewPage Tab contains all sections           # file:///C:/Users/Shreyasu/Pooja/WebAutomation/RosemountTankMasterAT/src/test/resources/features/OverViewPageFunctionalities.feature:7
Starting scenario: Verify OverviewPage Tab contains all sections
  ✔ Given User is SignedIn to RosemountTankMaster Page            # com.bdd.stepdefinitions.LoginSteps.user_is_signedIn_to_rosemounttankMaster_page()

        Embedding Verify OverviewPage Tab contains all sections-7 [image/png 33987 bytes]

  ✔ When I click on the "Overview" tab                            # com.bdd.stepdefinitions.CommonSteps.i_click_on_the_tab(java.lang.String)

        Embedding Verify OverviewPage Tab contains all sections-7 [image/png 66219 bytes]

  ✔ Then I should see the 5 header tabs                           # com.bdd.stepdefinitions.StepDefinations.i_should_see_the_header_tabs(java.lang.Integer)

        Embedding Verify OverviewPage Tab contains all sections-7 [image/png 61551 bytes]

All tanks are displayed.
  ✔ Then I verify the alltanks are displayed                      # com.bdd.stepdefinitions.StepDefinations.i_verify_the_alltanks_are_displayed()

        Embedding Verify OverviewPage Tab contains all sections-7 [image/png 90369 bytes]

  ✔ Then I verify number of tanks are 20                          # com.bdd.stepdefinitions.StepDefinations.i_verify_number_of_tanks_are(java.lang.Integer)

        Embedding Verify OverviewPage Tab contains all sections-7 [image/png 90369 bytes]

  ✔ Then I verify the level of all the tanks is greater than zero # com.bdd.stepdefinitions.StepDefinations.i_verify_the_level_of_all_the_tanks_is_greater_than_zero()

        Embedding Verify OverviewPage Tab contains all sections-7 [image/png 90369 bytes]

  ✔ Then I verify the FWL of all the tanks is 0.200 m             # com.bdd.stepdefinitions.StepDefinations.i_verify_the_fwl_of_all_the_tanks_is_m(java.lang.Double)

        Embedding Verify OverviewPage Tab contains all sections-7 [image/png 90369 bytes]

  ✔ Then I verify the TOV of all the tanks is greater than zero   # com.bdd.stepdefinitions.StepDefinations.i_verify_the_tov_of_all_the_tanks_is_greater_than_zero()

        Embedding Verify OverviewPage Tab contains all sections-7 [image/png 90369 bytes]

Finished scenario: Verify OverviewPage Tab contains all sections - Status: PASSED
]]></system-out>
  </testcase>
  <testcase name="runScenario[&quot;Verify user can navigate to all the tabs from Overview tab&quot;, &quot;Verify functionalities in OverviewPage&quot;](3)" classname="com.bdd.runner.TestRunner" time="12.96">
    <system-out><![CDATA[
@overviewpagetest @testcase2
Scenario: Verify user can navigate to all the tabs from Overview tab # file:///C:/Users/Shreyasu/Pooja/WebAutomation/RosemountTankMasterAT/src/test/resources/features/OverViewPageFunctionalities.feature:18
Starting scenario: Verify user can navigate to all the tabs from Overview tab
  ✔ Given User is SignedIn to RosemountTankMaster Page               # com.bdd.stepdefinitions.LoginSteps.user_is_signedIn_to_rosemounttankMaster_page()

        Embedding Verify user can navigate to all the tabs from Overview tab-18 [image/png 33987 bytes]

  ✔ When I click on the "Movement" tab                               # com.bdd.stepdefinitions.CommonSteps.i_click_on_the_tab(java.lang.String)

        Embedding Verify user can navigate to all the tabs from Overview tab-18 [image/png 25944 bytes]

  ✔ Then I should navigate to "movement" page                        # com.bdd.stepdefinitions.CommonSteps.i_should_navigate_to_page(java.lang.String)

        Embedding Verify user can navigate to all the tabs from Overview tab-18 [image/png 25944 bytes]

  ✔ When I click on the "Watchlist" tab                              # com.bdd.stepdefinitions.CommonSteps.i_click_on_the_tab(java.lang.String)

        Embedding Verify user can navigate to all the tabs from Overview tab-18 [image/png 27492 bytes]

  ✔ Then I should navigate to "watchlist" page                       # com.bdd.stepdefinitions.CommonSteps.i_should_navigate_to_page(java.lang.String)

        Embedding Verify user can navigate to all the tabs from Overview tab-18 [image/png 27492 bytes]

  ✔ When I click on the "Inventory" tab                              # com.bdd.stepdefinitions.CommonSteps.i_click_on_the_tab(java.lang.String)

        Embedding Verify user can navigate to all the tabs from Overview tab-18 [image/png 58236 bytes]

  ✔ Then I should navigate to "inventory" page                       # com.bdd.stepdefinitions.CommonSteps.i_should_navigate_to_page(java.lang.String)

        Embedding Verify user can navigate to all the tabs from Overview tab-18 [image/png 58236 bytes]

  ✔ When I click on the "Reports" tab                                # com.bdd.stepdefinitions.CommonSteps.i_click_on_the_tab(java.lang.String)

        Embedding Verify user can navigate to all the tabs from Overview tab-18 [image/png 43782 bytes]

  ✔ Then I should navigate to "reports" page                         # com.bdd.stepdefinitions.CommonSteps.i_should_navigate_to_page(java.lang.String)

        Embedding Verify user can navigate to all the tabs from Overview tab-18 [image/png 49461 bytes]

Finished scenario: Verify user can navigate to all the tabs from Overview tab - Status: PASSED
]]></system-out>
  </testcase>
  <testcase name="runScenario[&quot;Verify count of movement tanks matches in all tanks and movement page&quot;, &quot;Verify functionalities in OverviewPage&quot;](4)" classname="com.bdd.runner.TestRunner" time="13.95">
    <system-out><![CDATA[
@overviewpagetest @testcase3
Scenario: Verify count of movement tanks matches in all tanks and movement page # file:///C:/Users/Shreyasu/Pooja/WebAutomation/RosemountTankMasterAT/src/test/resources/features/OverViewPageFunctionalities.feature:29
Starting scenario: Verify count of movement tanks matches in all tanks and movement page
  ✔ Given User is SignedIn to RosemountTankMaster Page                          # com.bdd.stepdefinitions.LoginSteps.user_is_signedIn_to_rosemounttankMaster_page()

        Embedding Verify count of movement tanks matches in all tanks and movement page-29 [image/png 33987 bytes]

  ✔ When I click on the "Overview" tab                                          # com.bdd.stepdefinitions.CommonSteps.i_click_on_the_tab(java.lang.String)

        Embedding Verify count of movement tanks matches in all tanks and movement page-29 [image/png 69030 bytes]

Number of tanks in movement in all tanks page: 10
  ✔ Then I verify the number of movement tanks in AllTanks tab                  # com.bdd.stepdefinitions.StepDefinations.i_verify_the_number_of_movement_tanks_in_all_tanks_tab()

        Embedding Verify count of movement tanks matches in all tanks and movement page-29 [image/png 89175 bytes]

  ✔ When I click on the "Movement" tab                                          # com.bdd.stepdefinitions.CommonSteps.i_click_on_the_tab(java.lang.String)

        Embedding Verify count of movement tanks matches in all tanks and movement page-29 [image/png 25917 bytes]

Number of tanks in movement in all tanks page: 10
Number of tanks in movement in movement page: 10
  ✔ Then I verify the number of tanks in movement page                          # com.bdd.stepdefinitions.StepDefinations.i_verify_the_number_of_tanks_in_movement_page()

        Embedding Verify count of movement tanks matches in all tanks and movement page-29 [image/png 70587 bytes]

  ✔ Then I verify the flowrate of all the tanks is non zero                     # com.bdd.stepdefinitions.StepDefinations.i_verify_the_flowrate_of_all_the_tanks_is_non_zero()

        Embedding Verify count of movement tanks matches in all tanks and movement page-29 [image/png 62718 bytes]

Finished scenario: Verify count of movement tanks matches in all tanks and movement page - Status: PASSED
]]></system-out>
  </testcase>
  <testcase name="runScenario[&quot;Verify the flow rate of all the tanks and matches the arrow right direction&quot;, &quot;Verify functionalities in OverviewPage&quot;](5)" classname="com.bdd.runner.TestRunner" time="12.425">
    <system-out><![CDATA[
@overviewpagetest @testcase4
Scenario: Verify the flow rate of all the tanks and matches the arrow right direction # file:///C:/Users/Shreyasu/Pooja/WebAutomation/RosemountTankMasterAT/src/test/resources/features/OverViewPageFunctionalities.feature:37
Starting scenario: Verify the flow rate of all the tanks and matches the arrow right direction
  ✔ Given User is SignedIn to RosemountTankMaster Page                                # com.bdd.stepdefinitions.LoginSteps.user_is_signedIn_to_rosemounttankMaster_page()

        Embedding Verify the flow rate of all the tanks and matches the arrow right direction-37 [image/png 33987 bytes]

  ✔ Given I am on the OverviewPage                                                    # com.bdd.stepdefinitions.StepDefinations.i_am_on_the_overview_page()

        Embedding Verify the flow rate of all the tanks and matches the arrow right direction-37 [image/png 65838 bytes]

  ✔ When I click on the "Movement" tab                                                # com.bdd.stepdefinitions.CommonSteps.i_click_on_the_tab(java.lang.String)

        Embedding Verify the flow rate of all the tanks and matches the arrow right direction-37 [image/png 25899 bytes]

  ✔ Then I verify the the flow rate of all the tanks and matches the arrow direction  # com.bdd.stepdefinitions.StepDefinations.i_verify_the_the_flow_rate_of_all_the_tanks_and_matches_the_arrow_direction()

        Embedding Verify the flow rate of all the tanks and matches the arrow right direction-37 [image/png 62610 bytes]

Finished scenario: Verify the flow rate of all the tanks and matches the arrow right direction - Status: PASSED
]]></system-out>
  </testcase>
  <testcase name="runScenario[&quot;Verify Tanks can be added to Watchlist&quot;, &quot;Verify functionalities in OverviewPage&quot;](6)" classname="com.bdd.runner.TestRunner" time="11.601">
    <system-out><![CDATA[
@overviewpagetest @testcase5
Scenario: Verify Tanks can be added to Watchlist       # file:///C:/Users/Shreyasu/Pooja/WebAutomation/RosemountTankMasterAT/src/test/resources/features/OverViewPageFunctionalities.feature:43
Starting scenario: Verify Tanks can be added to Watchlist
  ✔ Given User is SignedIn to RosemountTankMaster Page # com.bdd.stepdefinitions.LoginSteps.user_is_signedIn_to_rosemounttankMaster_page()

        Embedding Verify Tanks can be added to Watchlist-43 [image/png 33987 bytes]

  ✔ Given I am on the OverviewPage                     # com.bdd.stepdefinitions.StepDefinations.i_am_on_the_overview_page()

        Embedding Verify Tanks can be added to Watchlist-43 [image/png 63015 bytes]

  ✔ When I click the star icon for "TK-110"            # com.bdd.stepdefinitions.CommonSteps.i_click_the_star_icon_for(java.lang.String)

        Embedding Verify Tanks can be added to Watchlist-43 [image/png 62949 bytes]

  ✔ When I click on the "WatchList" tab                # com.bdd.stepdefinitions.CommonSteps.i_click_on_the_tab(java.lang.String)

        Embedding Verify Tanks can be added to Watchlist-43 [image/png 33336 bytes]

  ✔ Then "TK-110" should appear in my watchlist        # com.bdd.stepdefinitions.StepDefinations.should_appear_in_my_watchlist(java.lang.String)

        Embedding Verify Tanks can be added to Watchlist-43 [image/png 33336 bytes]

  ✔ When I click on the "Overview" tab                 # com.bdd.stepdefinitions.CommonSteps.i_click_on_the_tab(java.lang.String)

        Embedding Verify Tanks can be added to Watchlist-43 [image/png 87822 bytes]

  ✔ When I click the star icon for "TK-102"            # com.bdd.stepdefinitions.CommonSteps.i_click_the_star_icon_for(java.lang.String)

        Embedding Verify Tanks can be added to Watchlist-43 [image/png 93486 bytes]

  ✔ When I click on the "WatchList" tab                # com.bdd.stepdefinitions.CommonSteps.i_click_on_the_tab(java.lang.String)

        Embedding Verify Tanks can be added to Watchlist-43 [image/png 37593 bytes]

  ✔ Then "TK-102" should appear in my watchlist        # com.bdd.stepdefinitions.StepDefinations.should_appear_in_my_watchlist(java.lang.String)

        Embedding Verify Tanks can be added to Watchlist-43 [image/png 37593 bytes]

Finished scenario: Verify Tanks can be added to Watchlist - Status: PASSED
]]></system-out>
  </testcase>
  <testcase name="runScenario[&quot;Verify user can go to Tank details page and navigate in tankdetails page&quot;, &quot;Verify functionalities in OverviewPage&quot;](7)" classname="com.bdd.runner.TestRunner" time="11.145">
    <system-out><![CDATA[
@overviewpagetest @testcase6
Scenario: Verify user can go to Tank details page and navigate in tankdetails page # file:///C:/Users/Shreyasu/Pooja/WebAutomation/RosemountTankMasterAT/src/test/resources/features/OverViewPageFunctionalities.feature:54
Starting scenario: Verify user can go to Tank details page and navigate in tankdetails page
  ✔ Given User is SignedIn to RosemountTankMaster Page                             # com.bdd.stepdefinitions.LoginSteps.user_is_signedIn_to_rosemounttankMaster_page()

        Embedding Verify user can go to Tank details page and navigate in tankdetails page-54 [image/png 33987 bytes]

  ✔ Given I am on the OverviewPage                                                 # com.bdd.stepdefinitions.StepDefinations.i_am_on_the_overview_page()

        Embedding Verify user can go to Tank details page and navigate in tankdetails page-54 [image/png 65409 bytes]

  ✔ When I click the "TK-103" container                                            # com.bdd.stepdefinitions.CommonSteps.i_click_the_container(java.lang.String)

        Embedding Verify user can go to Tank details page and navigate in tankdetails page-54 [image/png 71433 bytes]

  ✔ Then I verify tank container is expanded with details                          # com.bdd.stepdefinitions.StepDefinations.i_verify_tank_container_is_expanded_with_details()

        Embedding Verify user can go to Tank details page and navigate in tankdetails page-54 [image/png 71460 bytes]

  ✔ Then I verify details link is displayed                                        # com.bdd.stepdefinitions.StepDefinations.i_verify_details_link_is_displayed()

        Embedding Verify user can go to Tank details page and navigate in tankdetails page-54 [image/png 71541 bytes]

  ✔ Then I verify Note link is displayed                                           # com.bdd.stepdefinitions.StepDefinations.i_verify_note_link_is_displayed()

        Embedding Verify user can go to Tank details page and navigate in tankdetails page-54 [image/png 71448 bytes]

  ✔ When I click on the Details button                                             # com.bdd.stepdefinitions.StepDefinations.i_click_on_the_details_button()

        Embedding Verify user can go to Tank details page and navigate in tankdetails page-54 [image/png 41307 bytes]

  ✔ Then I should navigate to tankdetails page                                     # com.bdd.stepdefinitions.StepDefinations.i_should_navigate_to_tankdetails_page()

        Embedding Verify user can go to Tank details page and navigate in tankdetails page-54 [image/png 53370 bytes]

  ✔ When I click on "Inventory" button in tankdetails page                         # com.bdd.stepdefinitions.StepDefinations.i_click_on_button_in_tankdetails_page(java.lang.String)

        Embedding Verify user can go to Tank details page and navigate in tankdetails page-54 [image/png 102693 bytes]

  ✔ Then I verify "Inventory" details displayed                                    # com.bdd.stepdefinitions.StepDefinations.i_verify_details_displayed(java.lang.String)

        Embedding Verify user can go to Tank details page and navigate in tankdetails page-54 [image/png 107298 bytes]

  ✔ When I click on "Level" button in tankdetails page                             # com.bdd.stepdefinitions.StepDefinations.i_click_on_button_in_tankdetails_page(java.lang.String)

        Embedding Verify user can go to Tank details page and navigate in tankdetails page-54 [image/png 75324 bytes]

  ✔ Then I verify "Level" details displayed                                        # com.bdd.stepdefinitions.StepDefinations.i_verify_details_displayed(java.lang.String)

        Embedding Verify user can go to Tank details page and navigate in tankdetails page-54 [image/png 75324 bytes]

  ✔ When I click on "TemperaturePressure" button in tankdetails page               # com.bdd.stepdefinitions.StepDefinations.i_click_on_button_in_tankdetails_page(java.lang.String)

        Embedding Verify user can go to Tank details page and navigate in tankdetails page-54 [image/png 73455 bytes]

  ✔ Then I verify "TemperaturePressure" details displayed                          # com.bdd.stepdefinitions.StepDefinations.i_verify_details_displayed(java.lang.String)

        Embedding Verify user can go to Tank details page and navigate in tankdetails page-54 [image/png 73455 bytes]

  ✔ When I click on "AlarmLimits" button in tankdetails page                       # com.bdd.stepdefinitions.StepDefinations.i_click_on_button_in_tankdetails_page(java.lang.String)

        Embedding Verify user can go to Tank details page and navigate in tankdetails page-54 [image/png 65784 bytes]

  ✔ Then I verify "AlarmLimits" details displayed                                  # com.bdd.stepdefinitions.StepDefinations.i_verify_details_displayed(java.lang.String)

        Embedding Verify user can go to Tank details page and navigate in tankdetails page-54 [image/png 65784 bytes]

Finished scenario: Verify user can go to Tank details page and navigate in tankdetails page - Status: PASSED
]]></system-out>
  </testcase>
  <testcase name="runScenario[&quot;Verify the functionality of note in Tanks in overview page&quot;, &quot;Verify functionalities in OverviewPage&quot;](8)" classname="com.bdd.runner.TestRunner" time="26.659">
    <system-out><![CDATA[
@overviewpagetest @testcase7
Scenario: Verify the functionality of note in Tanks in overview page # file:///C:/Users/Shreyasu/Pooja/WebAutomation/RosemountTankMasterAT/src/test/resources/features/OverViewPageFunctionalities.feature:72
Starting scenario: Verify the functionality of note in Tanks in overview page
  ✔ Given User is SignedIn to RosemountTankMaster Page               # com.bdd.stepdefinitions.LoginSteps.user_is_signedIn_to_rosemounttankMaster_page()

        Embedding Verify the functionality of note in Tanks in overview page-72 [image/png 33987 bytes]

  ✔ Given I am on the OverviewPage                                   # com.bdd.stepdefinitions.StepDefinations.i_am_on_the_overview_page()

        Embedding Verify the functionality of note in Tanks in overview page-72 [image/png 28026 bytes]

  ✔ When I click the "TK-111" container                              # com.bdd.stepdefinitions.CommonSteps.i_click_the_container(java.lang.String)

        Embedding Verify the functionality of note in Tanks in overview page-72 [image/png 68181 bytes]

  ✔ Then I verify tank container is expanded with details            # com.bdd.stepdefinitions.StepDefinations.i_verify_tank_container_is_expanded_with_details()

        Embedding Verify the functionality of note in Tanks in overview page-72 [image/png 106266 bytes]

  ✔ Then I verify Note link is displayed                             # com.bdd.stepdefinitions.StepDefinations.i_verify_note_link_is_displayed()

        Embedding Verify the functionality of note in Tanks in overview page-72 [image/png 106266 bytes]

  ✔ When I click on the Note button                                  # com.bdd.stepdefinitions.StepDefinations.i_click_on_the_note_button()

        Embedding Verify the functionality of note in Tanks in overview page-72 [image/png 100884 bytes]

  ✔ When I type "Updating Note in Tank details" in the Note          # com.bdd.stepdefinitions.StepDefinations.i_type_in_the_note(java.lang.String)

        Embedding Verify the functionality of note in Tanks in overview page-72 [image/png 96420 bytes]

  ✔ When I click on the "save" button in Note                        # com.bdd.stepdefinitions.StepDefinations.i_click_on_the_button_in_note(java.lang.String)

        Embedding Verify the functionality of note in Tanks in overview page-72 [image/png 107091 bytes]

  ✔ Then I verify note icon is displayed                             # com.bdd.stepdefinitions.StepDefinations.i_verify_note_icon_is_displayed()

        Embedding Verify the functionality of note in Tanks in overview page-72 [image/png 107208 bytes]

  ✔ When I click on the Note button                                  # com.bdd.stepdefinitions.StepDefinations.i_click_on_the_note_button()

        Embedding Verify the functionality of note in Tanks in overview page-72 [image/png 99108 bytes]

  ✔ When I click on the "clearNote" button in Note                   # com.bdd.stepdefinitions.StepDefinations.i_click_on_the_button_in_note(java.lang.String)

        Embedding Verify the functionality of note in Tanks in overview page-72 [image/png 94578 bytes]

  ✔ And I click on the "save" button in Note                         # com.bdd.stepdefinitions.StepDefinations.i_click_on_the_button_in_note(java.lang.String)

        Embedding Verify the functionality of note in Tanks in overview page-72 [image/png 107916 bytes]

  ✔ When I click on the Note button                                  # com.bdd.stepdefinitions.StepDefinations.i_click_on_the_note_button()

        Embedding Verify the functionality of note in Tanks in overview page-72 [image/png 102117 bytes]

  ✔ Then I verify "" is displayed in the Note                        # com.bdd.stepdefinitions.StepDefinations.i_verify_is_displayed_in_the_note(java.lang.String)

        Embedding Verify the functionality of note in Tanks in overview page-72 [image/png 95157 bytes]

  ✔ When I click on the "cancel" button in Note                      # com.bdd.stepdefinitions.StepDefinations.i_click_on_the_button_in_note(java.lang.String)

        Embedding Verify the functionality of note in Tanks in overview page-72 [image/png 90411 bytes]

Finished scenario: Verify the functionality of note in Tanks in overview page - Status: PASSED
]]></system-out>
  </testcase>
  <testcase name="runScenario[&quot;Successful login with valid credentials&quot;, &quot;Verify the login functionality of the Rosemount Tank Master application&quot;](9)" classname="com.bdd.runner.TestRunner" time="8.212">
    <system-out><![CDATA[
@logintest
Scenario: Successful login with valid credentials           # file:///C:/Users/Shreyasu/Pooja/WebAutomation/RosemountTankMasterAT/src/test/resources/features/login.feature:7
Starting scenario: Successful login with valid credentials
  ✔ Given the user is on the login page                     # com.bdd.stepdefinitions.LoginSteps.the_user_is_on_the_login_page()

        Embedding Successful login with valid credentials-7 [image/png 33987 bytes]

  ✔ When the user enters a valid username and password      # com.bdd.stepdefinitions.LoginSteps.the_user_enters_a_valid_username_and_password()

        Embedding Successful login with valid credentials-7 [image/png 42771 bytes]

  ✔ When clicks the login button                            # com.bdd.stepdefinitions.LoginSteps.clicks_the_login_button()

        Embedding Successful login with valid credentials-7 [image/png 33987 bytes]

  ✔ Then the user should be redirected to the overview page # com.bdd.stepdefinitions.StepDefinations.the_user_should_be_redirected_to_the_overview_page()

        Embedding Successful login with valid credentials-7 [image/png 70158 bytes]

Finished scenario: Successful login with valid credentials - Status: PASSED
]]></system-out>
  </testcase>
</testsuite>