<?xml version="1.0" encoding="UTF-8"?>
<testng-results ignored="0" total="9" passed="9" failed="0" skipped="0">
  <reporter-output>
  </reporter-output>
  <suite started-at="2025-07-22T09:26:43 CEST" name="Surefire suite" finished-at="2025-07-22T09:28:45 CEST" duration-ms="121292">
    <groups>
      <group name="cucumber">
        <method signature="AbstractTestNGCucumberTests.runScenario(io.cucumber.testng.PickleWrapper,io.cucumber.testng.FeatureWrapper)[pri:0, instance:com.bdd.runner.TestRunner@68044f4]" name="runScenario" class="io.cucumber.testng.AbstractTestNGCucumberTests"/>
      </group> <!-- cucumber -->
    </groups>
    <test started-at="2025-07-22T09:26:43 CEST" name="Surefire test" finished-at="2025-07-22T09:28:45 CEST" duration-ms="121292">
      <class name="com.bdd.runner.TestRunner">
        <test-method is-config="true" signature="setUpClass(org.testng.ITestContext)[pri:0, instance:com.bdd.runner.TestRunner@68044f4]" started-at="2025-07-22T09:26:43 CEST" name="setUpClass" finished-at="2025-07-22T09:26:43 CEST" duration-ms="24" status="PASS">
          <params>
            <param index="0">
              <value>
                <![CDATA[org.testng.TestRunner@75b6bd41]]>
              </value>
            </param>
          </params>
          <reporter-output>
          </reporter-output>
        </test-method> <!-- setUpClass -->
        <test-method signature="runScenario(io.cucumber.testng.PickleWrapper,io.cucumber.testng.FeatureWrapper)[pri:0, instance:com.bdd.runner.TestRunner@68044f4]" started-at="2025-07-22T09:26:43 CEST" name="runScenario" description="Runs Cucumber Scenarios" data-provider="scenarios" finished-at="2025-07-22T09:26:46 CEST" duration-ms="2474" status="PASS">
          <params>
            <param index="0">
              <value>
                <![CDATA["Verify API returns tank details for a valid tank ID"]]>
              </value>
            </param>
            <param index="1">
              <value>
                <![CDATA["Verify the overview page response API"]]>
              </value>
            </param>
          </params>
          <reporter-output>
          </reporter-output>
        </test-method> <!-- runScenario -->
        <test-method signature="runScenario(io.cucumber.testng.PickleWrapper,io.cucumber.testng.FeatureWrapper)[pri:0, instance:com.bdd.runner.TestRunner@68044f4]" started-at="2025-07-22T09:26:46 CEST" name="runScenario" description="Runs Cucumber Scenarios" data-provider="scenarios" finished-at="2025-07-22T09:27:06 CEST" duration-ms="19878" status="PASS">
          <params>
            <param index="0">
              <value>
                <![CDATA["Verify OverviewPage Tab contains all sections"]]>
              </value>
            </param>
            <param index="1">
              <value>
                <![CDATA["Verify functionalities in OverviewPage"]]>
              </value>
            </param>
          </params>
          <reporter-output>
          </reporter-output>
        </test-method> <!-- runScenario -->
        <test-method signature="runScenario(io.cucumber.testng.PickleWrapper,io.cucumber.testng.FeatureWrapper)[pri:0, instance:com.bdd.runner.TestRunner@68044f4]" started-at="2025-07-22T09:27:06 CEST" name="runScenario" description="Runs Cucumber Scenarios" data-provider="scenarios" finished-at="2025-07-22T09:27:19 CEST" duration-ms="12773" status="PASS">
          <params>
            <param index="0">
              <value>
                <![CDATA["Verify user can navigate to all the tabs from Overview tab"]]>
              </value>
            </param>
            <param index="1">
              <value>
                <![CDATA["Verify functionalities in OverviewPage"]]>
              </value>
            </param>
          </params>
          <reporter-output>
          </reporter-output>
        </test-method> <!-- runScenario -->
        <test-method signature="runScenario(io.cucumber.testng.PickleWrapper,io.cucumber.testng.FeatureWrapper)[pri:0, instance:com.bdd.runner.TestRunner@68044f4]" started-at="2025-07-22T09:27:19 CEST" name="runScenario" description="Runs Cucumber Scenarios" data-provider="scenarios" finished-at="2025-07-22T09:27:33 CEST" duration-ms="14769" status="PASS">
          <params>
            <param index="0">
              <value>
                <![CDATA["Verify count of movement tanks matches in all tanks and movement page"]]>
              </value>
            </param>
            <param index="1">
              <value>
                <![CDATA["Verify functionalities in OverviewPage"]]>
              </value>
            </param>
          </params>
          <reporter-output>
          </reporter-output>
        </test-method> <!-- runScenario -->
        <test-method signature="runScenario(io.cucumber.testng.PickleWrapper,io.cucumber.testng.FeatureWrapper)[pri:0, instance:com.bdd.runner.TestRunner@68044f4]" started-at="2025-07-22T09:27:33 CEST" name="runScenario" description="Runs Cucumber Scenarios" data-provider="scenarios" finished-at="2025-07-22T09:27:46 CEST" duration-ms="12959" status="PASS">
          <params>
            <param index="0">
              <value>
                <![CDATA["Verify the flow rate of all the tanks and matches the arrow right direction"]]>
              </value>
            </param>
            <param index="1">
              <value>
                <![CDATA["Verify functionalities in OverviewPage"]]>
              </value>
            </param>
          </params>
          <reporter-output>
          </reporter-output>
        </test-method> <!-- runScenario -->
        <test-method signature="runScenario(io.cucumber.testng.PickleWrapper,io.cucumber.testng.FeatureWrapper)[pri:0, instance:com.bdd.runner.TestRunner@68044f4]" started-at="2025-07-22T09:27:46 CEST" name="runScenario" description="Runs Cucumber Scenarios" data-provider="scenarios" finished-at="2025-07-22T09:27:57 CEST" duration-ms="10442" status="PASS">
          <params>
            <param index="0">
              <value>
                <![CDATA["Verify Tanks can be added to Watchlist"]]>
              </value>
            </param>
            <param index="1">
              <value>
                <![CDATA["Verify functionalities in OverviewPage"]]>
              </value>
            </param>
          </params>
          <reporter-output>
          </reporter-output>
        </test-method> <!-- runScenario -->
        <test-method signature="runScenario(io.cucumber.testng.PickleWrapper,io.cucumber.testng.FeatureWrapper)[pri:0, instance:com.bdd.runner.TestRunner@68044f4]" started-at="2025-07-22T09:27:57 CEST" name="runScenario" description="Runs Cucumber Scenarios" data-provider="scenarios" finished-at="2025-07-22T09:28:09 CEST" duration-ms="12355" status="PASS">
          <params>
            <param index="0">
              <value>
                <![CDATA["Verify user can go to Tank details page and navigate in tankdetails page"]]>
              </value>
            </param>
            <param index="1">
              <value>
                <![CDATA["Verify functionalities in OverviewPage"]]>
              </value>
            </param>
          </params>
          <reporter-output>
          </reporter-output>
        </test-method> <!-- runScenario -->
        <test-method signature="runScenario(io.cucumber.testng.PickleWrapper,io.cucumber.testng.FeatureWrapper)[pri:0, instance:com.bdd.runner.TestRunner@68044f4]" started-at="2025-07-22T09:28:09 CEST" name="runScenario" description="Runs Cucumber Scenarios" data-provider="scenarios" finished-at="2025-07-22T09:28:36 CEST" duration-ms="27041" status="PASS">
          <params>
            <param index="0">
              <value>
                <![CDATA["Verify the functionality of note in Tanks in overview page"]]>
              </value>
            </param>
            <param index="1">
              <value>
                <![CDATA["Verify functionalities in OverviewPage"]]>
              </value>
            </param>
          </params>
          <reporter-output>
          </reporter-output>
        </test-method> <!-- runScenario -->
        <test-method signature="runScenario(io.cucumber.testng.PickleWrapper,io.cucumber.testng.FeatureWrapper)[pri:0, instance:com.bdd.runner.TestRunner@68044f4]" started-at="2025-07-22T09:28:36 CEST" name="runScenario" description="Runs Cucumber Scenarios" data-provider="scenarios" finished-at="2025-07-22T09:28:45 CEST" duration-ms="8500" status="PASS">
          <params>
            <param index="0">
              <value>
                <![CDATA["Successful login with valid credentials"]]>
              </value>
            </param>
            <param index="1">
              <value>
                <![CDATA["Verify the login functionality of the Rosemount Tank Master application"]]>
              </value>
            </param>
          </params>
          <reporter-output>
          </reporter-output>
        </test-method> <!-- runScenario -->
        <test-method is-config="true" signature="tearDownClass()[pri:0, instance:com.bdd.runner.TestRunner@68044f4]" started-at="2025-07-22T09:28:45 CEST" name="tearDownClass" finished-at="2025-07-22T09:28:45 CEST" duration-ms="46" status="PASS">
          <reporter-output>
          </reporter-output>
        </test-method> <!-- tearDownClass -->
      </class> <!-- com.bdd.runner.TestRunner -->
    </test> <!-- Surefire test -->
  </suite> <!-- Surefire suite -->
</testng-results>
