<?xml version="1.0" encoding="UTF-8"?>
<testng-results ignored="0" total="6" passed="6" failed="0" skipped="0">
  <reporter-output>
  </reporter-output>
  <suite started-at="2025-07-21T16:56:27 CEST" name="Surefire suite" finished-at="2025-07-21T16:58:15 CEST" duration-ms="107936">
    <groups>
      <group name="cucumber">
        <method signature="AbstractTestNGCucumberTests.runScenario(io.cucumber.testng.PickleWrapper,io.cucumber.testng.FeatureWrapper)[pri:0, instance:com.bdd.runner.TestRunner@56aaaecd]" name="runScenario" class="io.cucumber.testng.AbstractTestNGCucumberTests"/>
      </group> <!-- cucumber -->
    </groups>
    <test started-at="2025-07-21T16:56:27 CEST" name="Surefire test" finished-at="2025-07-21T16:58:15 CEST" duration-ms="107936">
      <class name="com.bdd.runner.TestRunner">
        <test-method is-config="true" signature="setUpClass(org.testng.ITestContext)[pri:0, instance:com.bdd.runner.TestRunner@56aaaecd]" started-at="2025-07-21T16:56:27 CEST" name="setUpClass" finished-at="2025-07-21T16:56:27 CEST" duration-ms="21" status="PASS">
          <params>
            <param index="0">
              <value>
                <![CDATA[org.testng.TestRunner@59e082f8]]>
              </value>
            </param>
          </params>
          <reporter-output>
          </reporter-output>
        </test-method> <!-- setUpClass -->
        <test-method signature="runScenario(io.cucumber.testng.PickleWrapper,io.cucumber.testng.FeatureWrapper)[pri:0, instance:com.bdd.runner.TestRunner@56aaaecd]" started-at="2025-07-21T16:56:27 CEST" name="runScenario" description="Runs Cucumber Scenarios" data-provider="scenarios" finished-at="2025-07-21T16:56:45 CEST" duration-ms="17761" status="PASS">
          <params>
            <param index="0">
              <value>
                <![CDATA["Verify OverviewPage Tab contains all sections"]]>
              </value>
            </param>
            <param index="1">
              <value>
                <![CDATA["Verify functionalities in OverviewPage"]]>
              </value>
            </param>
          </params>
          <reporter-output>
          </reporter-output>
        </test-method> <!-- runScenario -->
        <test-method signature="runScenario(io.cucumber.testng.PickleWrapper,io.cucumber.testng.FeatureWrapper)[pri:0, instance:com.bdd.runner.TestRunner@56aaaecd]" started-at="2025-07-21T16:56:45 CEST" name="runScenario" description="Runs Cucumber Scenarios" data-provider="scenarios" finished-at="2025-07-21T16:56:57 CEST" duration-ms="12034" status="PASS">
          <params>
            <param index="0">
              <value>
                <![CDATA["Verify user can navigate to all the tabs from Overview tab"]]>
              </value>
            </param>
            <param index="1">
              <value>
                <![CDATA["Verify functionalities in OverviewPage"]]>
              </value>
            </param>
          </params>
          <reporter-output>
          </reporter-output>
        </test-method> <!-- runScenario -->
        <test-method signature="runScenario(io.cucumber.testng.PickleWrapper,io.cucumber.testng.FeatureWrapper)[pri:0, instance:com.bdd.runner.TestRunner@56aaaecd]" started-at="2025-07-21T16:56:57 CEST" name="runScenario" description="Runs Cucumber Scenarios" data-provider="scenarios" finished-at="2025-07-21T16:57:06 CEST" duration-ms="9714" status="PASS">
          <params>
            <param index="0">
              <value>
                <![CDATA["Verify count of movement tanks matches in all tanks and movement page"]]>
              </value>
            </param>
            <param index="1">
              <value>
                <![CDATA["Verify functionalities in OverviewPage"]]>
              </value>
            </param>
          </params>
          <reporter-output>
          </reporter-output>
        </test-method> <!-- runScenario -->
        <test-method signature="runScenario(io.cucumber.testng.PickleWrapper,io.cucumber.testng.FeatureWrapper)[pri:0, instance:com.bdd.runner.TestRunner@56aaaecd]" started-at="2025-07-21T16:57:06 CEST" name="runScenario" description="Runs Cucumber Scenarios" data-provider="scenarios" finished-at="2025-07-21T16:57:17 CEST" duration-ms="10311" status="PASS">
          <params>
            <param index="0">
              <value>
                <![CDATA["Verify Tanks can be added to Watchlist"]]>
              </value>
            </param>
            <param index="1">
              <value>
                <![CDATA["Verify functionalities in OverviewPage"]]>
              </value>
            </param>
          </params>
          <reporter-output>
          </reporter-output>
        </test-method> <!-- runScenario -->
        <test-method signature="runScenario(io.cucumber.testng.PickleWrapper,io.cucumber.testng.FeatureWrapper)[pri:0, instance:com.bdd.runner.TestRunner@56aaaecd]" started-at="2025-07-21T16:57:17 CEST" name="runScenario" description="Runs Cucumber Scenarios" data-provider="scenarios" finished-at="2025-07-21T16:57:28 CEST" duration-ms="10944" status="PASS">
          <params>
            <param index="0">
              <value>
                <![CDATA["Verify user can go to Tank details page and navigate in tankdetails page"]]>
              </value>
            </param>
            <param index="1">
              <value>
                <![CDATA["Verify functionalities in OverviewPage"]]>
              </value>
            </param>
          </params>
          <reporter-output>
          </reporter-output>
        </test-method> <!-- runScenario -->
        <test-method signature="runScenario(io.cucumber.testng.PickleWrapper,io.cucumber.testng.FeatureWrapper)[pri:0, instance:com.bdd.runner.TestRunner@56aaaecd]" started-at="2025-07-21T16:57:28 CEST" name="runScenario" description="Runs Cucumber Scenarios" data-provider="scenarios" finished-at="2025-07-21T16:58:15 CEST" duration-ms="47064" status="PASS">
          <params>
            <param index="0">
              <value>
                <![CDATA["Verify the functionality of note in Tanks in overview page"]]>
              </value>
            </param>
            <param index="1">
              <value>
                <![CDATA["Verify functionalities in OverviewPage"]]>
              </value>
            </param>
          </params>
          <reporter-output>
          </reporter-output>
        </test-method> <!-- runScenario -->
        <test-method is-config="true" signature="tearDownClass()[pri:0, instance:com.bdd.runner.TestRunner@56aaaecd]" started-at="2025-07-21T16:58:15 CEST" name="tearDownClass" finished-at="2025-07-21T16:58:15 CEST" duration-ms="64" status="PASS">
          <reporter-output>
          </reporter-output>
        </test-method> <!-- tearDownClass -->
      </class> <!-- com.bdd.runner.TestRunner -->
    </test> <!-- Surefire test -->
  </suite> <!-- Surefire suite -->
</testng-results>
