<?xml version="1.0" encoding="UTF-8"?>
<testng-results ignored="0" total="1" passed="0" failed="1" skipped="0">
  <reporter-output>
  </reporter-output>
  <suite started-at="2025-07-22T09:01:25 CEST" name="Default suite" finished-at="2025-07-22T09:01:26 CEST" duration-ms="1480">
    <groups>
      <group name="cucumber">
        <method signature="AbstractTestNGCucumberTests.runScenario(io.cucumber.testng.PickleWrapper,io.cucumber.testng.FeatureWrapper)[pri:0, instance:com.bdd.runner.TestRunner@2ece4966]" name="runScenario" class="io.cucumber.testng.AbstractTestNGCucumberTests"/>
      </group> <!-- cucumber -->
    </groups>
    <test started-at="2025-07-22T09:01:25 CEST" name="Default test" finished-at="2025-07-22T09:01:26 CEST" duration-ms="1480">
      <class name="com.bdd.runner.TestRunner">
        <test-method is-config="true" signature="setUpClass(org.testng.ITestContext)[pri:0, instance:com.bdd.runner.TestRunner@2ece4966]" started-at="2025-07-22T09:01:25 CEST" name="setUpClass" finished-at="2025-07-22T09:01:25 CEST" duration-ms="27" status="PASS">
          <params>
            <param index="0">
              <value>
                <![CDATA[org.testng.TestRunner@77b919a3]]>
              </value>
            </param>
          </params>
          <reporter-output>
          </reporter-output>
        </test-method> <!-- setUpClass -->
        <test-method signature="runScenario(io.cucumber.testng.PickleWrapper,io.cucumber.testng.FeatureWrapper)[pri:0, instance:com.bdd.runner.TestRunner@2ece4966]" started-at="2025-07-22T09:01:25 CEST" name="runScenario" description="Runs Cucumber Scenarios" data-provider="scenarios" finished-at="2025-07-22T09:01:26 CEST" duration-ms="1409" status="FAIL">
          <params>
            <param index="0">
              <value>
                <![CDATA["Verify API returns tank details for a valid tank ID"]]>
              </value>
            </param>
            <param index="1">
              <value>
                <![CDATA["Verify the overview page response API"]]>
              </value>
            </param>
          </params>
          <exception class="io.cucumber.testng.UndefinedStepException">
            <message>
              <![CDATA[The step 'the TankMaster API endpoint is "https://tankmastermobiledemo.rosemount.com/overview/all%20tanks"' and 2 other step(s) are undefined.
You can implement these steps using the snippet(s) below:

@Given("the TankMaster API endpoint is {string}")
public void the_tank_master_api_endpoint_is(String string) {
    // Write code here that turns the phrase above into concrete actions
    throw new io.cucumber.java.PendingException();
}
@When("I send a GET request to the TankMaster API")
public void i_send_a_get_request_to_the_tank_master_api() {
    // Write code here that turns the phrase above into concrete actions
    throw new io.cucumber.java.PendingException();
}
@Then("the response status code should be {int}")
public void the_response_status_code_should_be(Integer int1) {
    // Write code here that turns the phrase above into concrete actions
    throw new io.cucumber.java.PendingException();
}
]]>
            </message>
            <full-stacktrace>
              <![CDATA[io.cucumber.testng.UndefinedStepException: The step 'the TankMaster API endpoint is "https://tankmastermobiledemo.rosemount.com/overview/all%20tanks"' and 2 other step(s) are undefined.
You can implement these steps using the snippet(s) below:

@Given("the TankMaster API endpoint is {string}")
public void the_tank_master_api_endpoint_is(String string) {
    // Write code here that turns the phrase above into concrete actions
    throw new io.cucumber.java.PendingException();
}
@When("I send a GET request to the TankMaster API")
public void i_send_a_get_request_to_the_tank_master_api() {
    // Write code here that turns the phrase above into concrete actions
    throw new io.cucumber.java.PendingException();
}
@Then("the response status code should be {int}")
public void the_response_status_code_should_be(Integer int1) {
    // Write code here that turns the phrase above into concrete actions
    throw new io.cucumber.java.PendingException();
}

at ✽.the TankMaster API endpoint is "https://tankmastermobiledemo.rosemount.com/overview/all%20tanks"(file:///C:/Users/Shreyasu/Pooja/WebAutomation/RosemountTankMasterAT/src/test/resources/features/APITests.feature:5)
]]>
            </full-stacktrace>
          </exception> <!-- io.cucumber.testng.UndefinedStepException -->
          <reporter-output>
          </reporter-output>
        </test-method> <!-- runScenario -->
        <test-method is-config="true" signature="tearDownClass()[pri:0, instance:com.bdd.runner.TestRunner@2ece4966]" started-at="2025-07-22T09:01:26 CEST" name="tearDownClass" finished-at="2025-07-22T09:01:26 CEST" duration-ms="20" status="PASS">
          <reporter-output>
          </reporter-output>
        </test-method> <!-- tearDownClass -->
      </class> <!-- com.bdd.runner.TestRunner -->
    </test> <!-- Default test -->
  </suite> <!-- Default suite -->
</testng-results>
