<?xml version="1.0" encoding="UTF-8"?>
<testng-results ignored="0" total="1" passed="1" failed="0" skipped="0">
  <reporter-output>
  </reporter-output>
  <suite started-at="2025-07-20T23:53:41 CEST" name="Default suite" finished-at="2025-07-20T23:55:01 CEST" duration-ms="79550">
    <groups>
      <group name="cucumber">
        <method signature="AbstractTestNGCucumberTests.runScenario(io.cucumber.testng.PickleWrapper,io.cucumber.testng.FeatureWrapper)[pri:0, instance:com.bdd.runner.TestRunner@55b5f5d2]" name="runScenario" class="io.cucumber.testng.AbstractTestNGCucumberTests"/>
      </group> <!-- cucumber -->
    </groups>
    <test started-at="2025-07-20T23:53:41 CEST" name="Default test" finished-at="2025-07-20T23:55:01 CEST" duration-ms="79550">
      <class name="com.bdd.runner.TestRunner">
        <test-method is-config="true" signature="setUpClass(org.testng.ITestContext)[pri:0, instance:com.bdd.runner.TestRunner@55b5f5d2]" started-at="2025-07-20T23:53:41 CEST" name="setUpClass" finished-at="2025-07-20T23:53:41 CEST" duration-ms="19" status="PASS">
          <params>
            <param index="0">
              <value>
                <![CDATA[org.testng.TestRunner@4c447c09]]>
              </value>
            </param>
          </params>
          <reporter-output>
          </reporter-output>
        </test-method> <!-- setUpClass -->
        <test-method signature="runScenario(io.cucumber.testng.PickleWrapper,io.cucumber.testng.FeatureWrapper)[pri:0, instance:com.bdd.runner.TestRunner@55b5f5d2]" started-at="2025-07-20T23:53:41 CEST" name="runScenario" description="Runs Cucumber Scenarios" data-provider="scenarios" finished-at="2025-07-20T23:55:01 CEST" duration-ms="79437" status="PASS">
          <params>
            <param index="0">
              <value>
                <![CDATA["Verify Tanks can be added to Watchlist"]]>
              </value>
            </param>
            <param index="1">
              <value>
                <![CDATA["Verify functionalities in OverviewPage"]]>
              </value>
            </param>
          </params>
          <reporter-output>
          </reporter-output>
        </test-method> <!-- runScenario -->
        <test-method is-config="true" signature="tearDownClass()[pri:0, instance:com.bdd.runner.TestRunner@55b5f5d2]" started-at="2025-07-20T23:55:01 CEST" name="tearDownClass" finished-at="2025-07-20T23:55:01 CEST" duration-ms="62" status="PASS">
          <reporter-output>
          </reporter-output>
        </test-method> <!-- tearDownClass -->
      </class> <!-- com.bdd.runner.TestRunner -->
    </test> <!-- Default test -->
  </suite> <!-- Default suite -->
</testng-results>
