<?xml version="1.0" encoding="UTF-8"?>
<!-- Generated by org.testng.reporters.JUnitReportReporter -->
<testsuite hostname="Shreyu" failures="0" tests="1" name="com.bdd.runner.TestRunner" time="1.409" errors="1" timestamp="2025-07-22T09:01:26 CEST" skipped="0">
  <testcase classname="com.bdd.runner.TestRunner" name="runScenario" time="1.409">
    <error message="The step &#039;the TankMaster API endpoint is &quot;https://tankmastermobiledemo.rosemount.com/overview/all%20tanks&quot;&#039; and 2 other step(s) are undefined.
You can implement these steps using the snippet(s) below:

@Given(&quot;the TankMaster API endpoint is {string}&quot;)
public void the_tank_master_api_endpoint_is(String string) {
    // Write code here that turns the phrase above into concrete actions
    throw new io.cucumber.java.PendingException();
}
@When(&quot;I send a GET request to the TankMaster API&quot;)
public void i_send_a_get_request_to_the_tank_master_api() {
    // Write code here that turns the phrase above into concrete actions
    throw new io.cucumber.java.PendingException();
}
@Then(&quot;the response status code should be {int}&quot;)
public void the_response_status_code_should_be(Integer int1) {
    // Write code here that turns the phrase above into concrete actions
    throw new io.cucumber.java.PendingException();
}
" type="io.cucumber.testng.UndefinedStepException">
      <![CDATA[io.cucumber.testng.UndefinedStepException: The step 'the TankMaster API endpoint is "https://tankmastermobiledemo.rosemount.com/overview/all%20tanks"' and 2 other step(s) are undefined.
You can implement these steps using the snippet(s) below:

@Given("the TankMaster API endpoint is {string}")
public void the_tank_master_api_endpoint_is(String string) {
    // Write code here that turns the phrase above into concrete actions
    throw new io.cucumber.java.PendingException();
}
@When("I send a GET request to the TankMaster API")
public void i_send_a_get_request_to_the_tank_master_api() {
    // Write code here that turns the phrase above into concrete actions
    throw new io.cucumber.java.PendingException();
}
@Then("the response status code should be {int}")
public void the_response_status_code_should_be(Integer int1) {
    // Write code here that turns the phrase above into concrete actions
    throw new io.cucumber.java.PendingException();
}

at ✽.the TankMaster API endpoint is "https://tankmastermobiledemo.rosemount.com/overview/all%20tanks"(file:///C:/Users/Shreyasu/Pooja/WebAutomation/RosemountTankMasterAT/src/test/resources/features/APITests.feature:5)
]]>
    </error>
  </testcase> <!-- runScenario -->
</testsuite> <!-- com.bdd.runner.TestRunner -->
