<?xml version="1.0" encoding="UTF-8"?>
<!-- Generated by org.testng.reporters.JUnitReportReporter -->
<testsuite hostname="Shreyu" failures="0" tests="1" name="com.bdd.runner.TestRunner" time="19.249" errors="1" timestamp="2025-07-21T16:39:05 CEST" skipped="0">
  <testcase classname="com.bdd.runner.TestRunner" name="runScenario" time="19.249">
    <error message="Tab not presnt: report" type="java.lang.IllegalArgumentException">
      <![CDATA[java.lang.IllegalArgumentException: Tab not presnt: report
at com.bdd.stepdefinitions.CommonSteps.i_should_navigate_to_page(CommonSteps.java:71)
at ✽.I should navigate to "report" page(file:///C:/Users/Shreyasu/Pooja/WebAutomation/RosemountTankMasterAT/src/test/resources/features/OverViewPageFunctionalities.feature:23)
]]>
    </error>
  </testcase> <!-- runScenario -->
</testsuite> <!-- com.bdd.runner.TestRunner -->
